#
# A fatal error has been detected by the Java Runtime Environment:
#
#  EXCEPTION_ACCESS_VIOLATION (0xc0000005) at pc=0x00007ffcc073c9d0, pid=29920, tid=17884
#
# JRE version: OpenJDK Runtime Environment Temurin-17.0.9+9 (17.0.9+9) (build 17.0.9+9)
# Java VM: OpenJDK 64-Bit Server VM Temurin-17.0.9+9 (17.0.9+9, mixed mode, sharing, tiered, compressed oops, compressed class ptrs, g1 gc, windows-amd64)
# Problematic frame:
# V  [jvm.dll+0xc9d0]
#
# No core dump will be written. Minidumps are not enabled by default on client versions of Windows
#
# If you would like to submit a bug report, please visit:
#   https://github.com/adoptium/adoptium-support/issues
#

---------------  S U M M A R Y ------------

Command Line: -XX:+ShowCodeDetailsInExceptionMessages -agentlib:jdwp=transport=dt_socket,suspend=y,address=localhost:55213 -javaagent:D:\PROGRAMAS\Eclipse\jee-2023-09\eclipse\configuration\org.eclipse.osgi\435\0\.cp\lib\javaagent-shaded.jar -Dfile.encoding=UTF-8 -Dstdout.encoding=UTF-8 -Dstderr.encoding=UTF-8 -agentpath:C:\Program Files\Palo Alto Networks\Traps\cyjagent.dll com.example.Pub

Host: 13th Gen Intel(R) Core(TM) i7-1360P, 16 cores, 15G,  Windows 11 , 64 bit Build 22621 (10.0.22621.3374)
Time: Mon May 13 11:47:29 2024 Hora de verano romance elapsed time: 5.062565 seconds (0d 0h 0m 5s)

---------------  T H R E A D  ---------------

Current thread (0x000002109ee6d710):  JavaThread "main" [_thread_in_vm, id=17884, stack(0x000000ada9800000,0x000000ada9900000)]

Stack: [0x000000ada9800000,0x000000ada9900000],  sp=0x000000ada98ff218,  free space=1020k
Native frames: (J=compiled Java code, j=interpreted, Vv=VM code, C=native code)
V  [jvm.dll+0xc9d0]

Java frames: (J=compiled Java code, j=interpreted, Vv=VM code)
j  DDS._DomainParticipantFactoryTAOPeer.get_default_participant_qos(LDDS/DomainParticipantQosHolder;)I+0
j  com.example.Pub.<init>()V+130
j  com.example.Pub.main([Ljava/lang/String;)V+4
v  ~StubRoutines::call_stub

siginfo: EXCEPTION_ACCESS_VIOLATION (0xc0000005), reading address 0x0000000000000000


Registers:
RAX=0x0000000000000000, RBX=0x000002109ee6d710, RCX=0x0000000000000000, RDX=0x0000000000000000
RSP=0x000000ada98ff218, RBP=0x000002109c7428e0, RSI=0x0000000000000000, RDI=0x0000000000000000
R8 =0x0000000000000000, R9 =0x0000000001008b20, R10=0x00000210c3000000, R11=0x0000021104449fc0
R12=0x0000000000000000, R13=0x000002110441cdf8, R14=0x000002109ee6d9c8, R15=0x000002109ee6d710
RIP=0x00007ffcc073c9d0, EFLAGS=0x0000000000010246


Register to memory mapping:

RIP=0x00007ffcc073c9d0 jvm.dll
RAX=0x0 is NULL
RBX=0x000002109ee6d710 is a thread
RCX=0x0 is NULL
RDX=0x0 is NULL
RSP=0x000000ada98ff218 is pointing into the stack for thread: 0x000002109ee6d710
RBP=0x000002109c7428e0 points into unknown readable memory: 0x0000000714490378 | 78 03 49 14 07 00 00 00
RSI=0x0 is NULL
RDI=0x0 is NULL
R8 =0x0 is NULL
R9 =16812832 is a compressed pointer to class: 0x00000210c4008b20
DDS.DomainParticipantQos {0x00000210c4008b28}
 - instance size:     3
 - klass size:        65
 - access:            public final synchronized 
 - state:             fully_initialized
 - name:              'DDS/DomainParticipantQos'
 - super:             'java/lang/Object'
 - sub:               
 - arrays:            NULL
 - methods:           Array<T>(0x000002110444a150)
 - method ordering:   Array<T>(0x000002110444a2a0)
 - default_methods:   Array<T>(0x0000000000000000)
 - local interfaces:  Array<T>(0x000002110444a110)
 - trans. interfaces: Array<T>(0x000002110444a110)
 - constants:         constant pool [29] {0x0000021104449fc8} for 'DDS/DomainParticipantQos' cache=0x000002110444a2b0
 - class loader data:  loader data: 0x00000210c1bb56a0 for instance a 'jdk/internal/loader/ClassLoaders$AppClassLoader'{0x0000000714a5b180}
 - source file:       'DomainParticipantQos.java'
 - source debug extension:       SMAP
DomainParticipantQos.java
Java
*S jdt
*F
1 DomainParticipantQos.java
2 file:/C:/Users/ecuray/.m2/repository/org/opendds/OpenDDS_DCPS/3.28.1/OpenDDS_DCPS-3.28.1.jar
*L
*E

 - class annotations:       Array<T>(0x0000000000000000)
 - class type annotations:  Array<T>(0x0000000000000000)
 - field annotations:       Array<T>(0x0000000000000000)
 - field type annotations:  Array<T>(0x0000000000000000)
 - inner classes:     Array<T>(0x00000210c35bbc10)
 - nest members:     Array<T>(0x00000210c35bbc10)
 - permitted subclasses:     Array<T>(0x00000210c35bbc10)
 - java mirror:       a 'java/lang/Class'{0x0000000714490378} = 'DDS/DomainParticipantQos'
 - vtable length      5  (start addr: 0x00000210c4008ce8)
 - itable length      2 (start addr: 0x00000210c4008d10)
 - ---- static fields (0 words):
 - ---- non-static fields (3 words):
 - public 'user_data' 'LDDS/UserDataQosPolicy;' @12 
 - public 'entity_factory' 'LDDS/EntityFactoryQosPolicy;' @16 
 - public 'property' 'LDDS/PropertyQosPolicy;' @20 
 - non-static oop maps: 12-20 
R10=0x00000210c3000000 is pointing into metadata
R11=0x0000021104449fc0 is pointing into metadata
R12=0x0 is NULL
R13={method} {0x000002110441ce00} 'get_default_participant_qos' '(LDDS/DomainParticipantQosHolder;)I' in 'DDS/_DomainParticipantFactoryTAOPeer'
R14=0x000002109ee6d9c8 points into unknown readable memory: 0x00007ffcc1249800 | 00 98 24 c1 fc 7f 00 00
R15=0x000002109ee6d710 is a thread


Top of Stack: (sp=0x000000ada98ff218)
0x000000ada98ff218:   00007ffcc0b13375 000002109ee6d710
0x000000ada98ff228:   000002110441cdf8 000002109ee6d710
0x000000ada98ff238:   00007ffcc0b1d8d4 000002109ee6d710
0x000000ada98ff248:   0000000000000000 00000fe37ef46410
0x000000ada98ff258:   000002109ee6d710 000000ada98ff300
0x000000ada98ff268:   00007ffcd696658a 0000000000000000
0x000000ada98ff278:   000000ada98ff300 000002109ee6d9c8
0x000000ada98ff288:   000002109c7428e0 000002109ee6d9c8
0x000000ada98ff298:   00007ffcd696d6c4 0000000000000000
0x000000ada98ff2a8:   000000ada98ff300 000002109c7428d8
0x000000ada98ff2b8:   000000ada98ff408 000000ada98ff428
0x000000ada98ff2c8:   00007ffcd69beb3d 0000021108673250
0x000000ada98ff2d8:   000000ada98ff408 000002109c7428d8
0x000000ada98ff2e8:   000002109ee6d9c8 0000021108673250
0x000000ada98ff2f8:   0000000020000031 00007ffcbfa616e8
0x000000ada98ff308:   0000000000000000 0000000000000000
0x000000ada98ff318:   00007ffcc0ab6100 0000000000000000
0x000000ada98ff328:   000000ada98ff940 00007ffcbfa630c8
0x000000ada98ff338:   0000000000000000 0000000000000000
0x000000ada98ff348:   000002109ee6d700 00007ffcbfa616a8
0x000000ada98ff358:   0000000000000000 0000000000000000
0x000000ada98ff368:   000002110441cd00 000000ada98ff430
0x000000ada98ff378:   0000000020000031 000000ada98ff940
0x000000ada98ff388:   00000210addb1366 000002109ee6d9c8
0x000000ada98ff398:   000002110441cdf8 00000210adda8e10
0x000000ada98ff3a8:   000002109c7428d8 000000ada98ff480
0x000000ada98ff3b8:   00000210addb0e1d 000000ada98ff3c0
0x000000ada98ff3c8:   000002110441cdf8 000000ada98ff430
0x000000ada98ff3d8:   0000021104449dc8 0000000000000000
0x000000ada98ff3e8:   000000071447b448 000002110441cdf8
0x000000ada98ff3f8:   0000000000000000 000000ada98ff428
0x000000ada98ff408:   000000ada98ff480 00000210addab0c2 

Instructions: (pc=0x00007ffcc073c9d0)
0x00007ffcc073c8d0:   00 00 00 48 8b 41 38 48 8b 80 68 09 00 00 48 8b
0x00007ffcc073c8e0:   48 08 48 8b 40 50 48 d3 ea 80 3c 02 01 0f 85 cd
0x00007ffcc073c8f0:   00 00 00 48 8b 13 0f b6 c2 24 03 3c 03 75 19 48
0x00007ffcc073c900:   83 e2 fc 74 13 48 3b da 74 11 48 8b c2 48 8b 5c
0x00007ffcc073c910:   24 38 48 83 c4 20 5e c3 48 8b d3 48 8b 46 38 0f
0x00007ffcc073c920:   be 88 f0 02 00 00 c1 e9 02 f6 c1 01 74 dc 48 89
0x00007ffcc073c930:   7c 24 30 e8 a8 e3 ff ff 48 8b 0d c9 d4 ba 00 48
0x00007ffcc073c940:   8b f8 48 81 c1 70 09 00 00 8b 41 40 0f b6 57 21
0x00007ffcc073c950:   8d 42 01 88 47 21 84 d2 75 0a 48 8b d7 e8 be ff
0x00007ffcc073c960:   6f 00 eb 20 80 7f 22 00 75 1a 8b 41 40 85 05 69
0x00007ffcc073c970:   d1 9a 00 74 0f b8 ff ff ff ff f0 0f c1 41 40 e8
0x00007ffcc073c980:   ec ff 6f 00 48 8b 4e 38 4c 8b c7 48 8b d3 e8 dd
0x00007ffcc073c990:   f7 ff ff 0f b6 4f 21 48 8b d8 48 8b 15 67 d4 ba
0x00007ffcc073c9a0:   00 8d 41 ff 88 47 21 80 f9 01 77 0f 48 8d 8a 70
0x00007ffcc073c9b0:   09 00 00 48 8b d7 e8 95 ff 6f 00 48 8b 7c 24 30
0x00007ffcc073c9c0:   48 8b c3 48 8b 5c 24 38 48 83 c4 20 5e c3 cc cc
0x00007ffcc073c9d0:   48 8b 01 c3 cc cc cc cc cc cc cc cc cc cc cc cc
0x00007ffcc073c9e0:   4c 8b 01 4c 8b c9 48 8b 0d a3 60 b6 00 ba 44 60
0x00007ffcc073c9f0:   08 00 e9 d9 f1 ff ff cc cc cc cc cc cc cc cc cc
0x00007ffcc073ca00:   48 89 5c 24 08 57 48 83 ec 20 48 8b 39 48 8b d9
0x00007ffcc073ca10:   48 85 3d 01 43 bb 00 75 0e 48 8b c7 48 8b 5c 24
0x00007ffcc073ca20:   30 48 83 c4 20 5f c3 48 8b cf e8 51 94 85 00 48
0x00007ffcc073ca30:   8b d0 48 85 c0 74 20 48 8b c7 f0 48 0f b1 13 74
0x00007ffcc073ca40:   16 48 85 05 d0 42 bb 00 74 0d 48 8b c8 f0 48 0f
0x00007ffcc073ca50:   b1 13 48 3b c1 75 ea 48 8b 5c 24 30 48 8b c2 48
0x00007ffcc073ca60:   83 c4 20 5f c3 cc cc cc cc cc cc cc cc cc cc cc
0x00007ffcc073ca70:   4c 8b 01 4c 8b c9 48 8b 0d 13 60 b6 00 ba 64 60
0x00007ffcc073ca80:   08 00 e9 49 f1 ff ff cc cc cc cc cc cc cc cc cc
0x00007ffcc073ca90:   8b 05 62 a8 b0 00 c3 cc cc cc cc cc cc cc cc cc
0x00007ffcc073caa0:   0f b6 05 3d 68 b7 00 48 8b d1 84 c0 74 16 44 8b
0x00007ffcc073cab0:   41 08 8b 0d 40 a8 b0 00 49 d3 e0 4c 03 05 2e a8
0x00007ffcc073cac0:   b0 00 eb 04 4c 8b 41 08 45 8b 50 08 45 85 d2 7e 


Stack slot to memory mapping:
stack at sp + 0 slots: 0x00007ffcc0b13375 jvm.dll
stack at sp + 1 slots: 0x000002109ee6d710 is a thread
stack at sp + 2 slots: {method} {0x000002110441ce00} 'get_default_participant_qos' '(LDDS/DomainParticipantQosHolder;)I' in 'DDS/_DomainParticipantFactoryTAOPeer'
stack at sp + 3 slots: 0x000002109ee6d710 is a thread
stack at sp + 4 slots: 0x00007ffcc0b1d8d4 jvm.dll
stack at sp + 5 slots: 0x000002109ee6d710 is a thread
stack at sp + 6 slots: 0x0 is NULL
stack at sp + 7 slots: 0x00000fe37ef46410 is an unknown value


---------------  P R O C E S S  ---------------

Threads class SMR info:
_java_thread_list=0x00000210c2c7f280, length=19, elements={
0x000002109ee6d710, 0x00000210c1ba2080, 0x00000210c1ba2f00, 0x00000210c1bb3000,
0x00000210c1bb5ae0, 0x00000210c1bb6c00, 0x00000210c1bb9480, 0x00000210c1bcc8d0,
0x00000210c1bcdc70, 0x00000210c1bd3bd0, 0x00000210c1bb7110, 0x00000210c1bcec60,
0x00000210c1bd06f0, 0x00000210c1bd0c40, 0x00000210c1bd01a0, 0x00000210c2af6520,
0x00000210c2b0d540, 0x00000210c2b0fd50, 0x00000210c1bb7620
}

Java Threads: ( => current thread )
=>0x000002109ee6d710 JavaThread "main" [_thread_in_vm, id=17884, stack(0x000000ada9800000,0x000000ada9900000)]
  0x00000210c1ba2080 JavaThread "Reference Handler" daemon [_thread_blocked, id=34484, stack(0x000000ada9f00000,0x000000adaa000000)]
  0x00000210c1ba2f00 JavaThread "Finalizer" daemon [_thread_blocked, id=18392, stack(0x000000adaa000000,0x000000adaa100000)]
  0x00000210c1bb3000 JavaThread "Signal Dispatcher" daemon [_thread_blocked, id=19084, stack(0x000000adaa100000,0x000000adaa200000)]
  0x00000210c1bb5ae0 JavaThread "Attach Listener" daemon [_thread_blocked, id=36544, stack(0x000000adaa200000,0x000000adaa300000)]
  0x00000210c1bb6c00 JavaThread "Service Thread" daemon [_thread_blocked, id=28648, stack(0x000000adaa300000,0x000000adaa400000)]
  0x00000210c1bb9480 JavaThread "Monitor Deflation Thread" daemon [_thread_blocked, id=37212, stack(0x000000adaa400000,0x000000adaa500000)]
  0x00000210c1bcc8d0 JavaThread "C2 CompilerThread0" daemon [_thread_blocked, id=24204, stack(0x000000adaa500000,0x000000adaa600000)]
  0x00000210c1bcdc70 JavaThread "C1 CompilerThread0" daemon [_thread_blocked, id=30644, stack(0x000000adaa600000,0x000000adaa700000)]
  0x00000210c1bd3bd0 JavaThread "Sweeper thread" daemon [_thread_blocked, id=23428, stack(0x000000adaa700000,0x000000adaa800000)]
  0x00000210c1bb7110 JavaThread "Common-Cleaner" daemon [_thread_blocked, id=1724, stack(0x000000adaa800000,0x000000adaa900000)]
  0x00000210c1bcec60 JavaThread "C1 CompilerThread1" daemon [_thread_blocked, id=35428, stack(0x000000adaa900000,0x000000adaaa00000)]
  0x00000210c1bd06f0 JavaThread "C1 CompilerThread2" daemon [_thread_blocked, id=20112, stack(0x000000adaaa00000,0x000000adaab00000)]
  0x00000210c1bd0c40 JavaThread "C1 CompilerThread3" daemon [_thread_blocked, id=6440, stack(0x000000adaab00000,0x000000adaac00000)]
  0x00000210c1bd01a0 JavaThread "C2 CompilerThread1" daemon [_thread_blocked, id=29584, stack(0x000000adaac00000,0x000000adaad00000)]
  0x00000210c2af6520 JavaThread "JDWP Transport Listener: dt_socket" daemon [_thread_blocked, id=25000, stack(0x000000adaad00000,0x000000adaae00000)]
  0x00000210c2b0d540 JavaThread "JDWP Event Helper Thread" daemon [_thread_blocked, id=19360, stack(0x000000adaae00000,0x000000adaaf00000)]
  0x00000210c2b0fd50 JavaThread "JDWP Command Reader" daemon [_thread_in_native, id=4212, stack(0x000000adaaf00000,0x000000adab000000)]
  0x00000210c1bb7620 JavaThread "Notification Thread" daemon [_thread_blocked, id=17796, stack(0x000000adab000000,0x000000adab100000)]

Other Threads:
  0x00000210c1b9c060 VMThread "VM Thread" [stack: 0x000000ada9e00000,0x000000ada9f00000] [id=3564]
  0x000002110839e2a0 WatcherThread [stack: 0x000000adab100000,0x000000adab200000] [id=12656]
  0x000002109eed7ed0 GCTaskThread "GC Thread#0" [stack: 0x000000ada9900000,0x000000ada9a00000] [id=30164]
  0x000002109eee8920 ConcurrentGCThread "G1 Main Marker" [stack: 0x000000ada9a00000,0x000000ada9b00000] [id=26956]
  0x000002109eee9eb0 ConcurrentGCThread "G1 Conc#0" [stack: 0x000000ada9b00000,0x000000ada9c00000] [id=25016]
  0x00000210c1ac5720 ConcurrentGCThread "G1 Refine#0" [stack: 0x000000ada9c00000,0x000000ada9d00000] [id=18148]
  0x00000210c1ac6060 ConcurrentGCThread "G1 Service" [stack: 0x000000ada9d00000,0x000000ada9e00000] [id=12432]

Threads with active compile tasks:

VM state: not at safepoint (normal execution)

VM Mutex/Monitor currently owned by a thread: None

Heap address: 0x0000000705000000, size: 4016 MB, Compressed Oops mode: Zero based, Oop shift amount: 3

CDS archive(s) mapped at: [0x00000210c3000000-0x00000210c3ba0000-0x00000210c3ba0000), size 12189696, SharedBaseAddress: 0x00000210c3000000, ArchiveRelocationMode: 1.
Compressed class space mapped at: 0x00000210c4000000-0x0000021104000000, reserved size: 1073741824
Narrow klass base: 0x00000210c3000000, Narrow klass shift: 0, Narrow klass range: 0x100000000

GC Precious Log:
 CPUs: 16 total, 16 available
 Memory: 16056M
 Large Page Support: Disabled
 NUMA Support: Disabled
 Compressed Oops: Enabled (Zero based)
 Heap Region Size: 2M
 Heap Min Capacity: 8M
 Heap Initial Capacity: 252M
 Heap Max Capacity: 4016M
 Pre-touch: Disabled
 Parallel Workers: 13
 Concurrent Workers: 3
 Concurrent Refinement Workers: 13
 Periodic GC: Disabled

Heap:
 garbage-first heap   total 258048K, used 6144K [0x0000000705000000, 0x0000000800000000)
  region size 2048K, 4 young (8192K), 0 survivors (0K)
 Metaspace       used 2946K, committed 3072K, reserved 1114112K
  class space    used 274K, committed 320K, reserved 1048576K

Heap Regions: E=young(eden), S=young(survivor), O=old, HS=humongous(starts), HC=humongous(continues), CS=collection set, F=free, OA=open archive, CA=closed archive, TAMS=top-at-mark-start (previous, next)
|   0|0x0000000705000000, 0x0000000705000000, 0x0000000705200000|  0%| F|  |TAMS 0x0000000705000000, 0x0000000705000000| Untracked 
|   1|0x0000000705200000, 0x0000000705200000, 0x0000000705400000|  0%| F|  |TAMS 0x0000000705200000, 0x0000000705200000| Untracked 
|   2|0x0000000705400000, 0x0000000705400000, 0x0000000705600000|  0%| F|  |TAMS 0x0000000705400000, 0x0000000705400000| Untracked 
|   3|0x0000000705600000, 0x0000000705600000, 0x0000000705800000|  0%| F|  |TAMS 0x0000000705600000, 0x0000000705600000| Untracked 
|   4|0x0000000705800000, 0x0000000705800000, 0x0000000705a00000|  0%| F|  |TAMS 0x0000000705800000, 0x0000000705800000| Untracked 
|   5|0x0000000705a00000, 0x0000000705a00000, 0x0000000705c00000|  0%| F|  |TAMS 0x0000000705a00000, 0x0000000705a00000| Untracked 
|   6|0x0000000705c00000, 0x0000000705c00000, 0x0000000705e00000|  0%| F|  |TAMS 0x0000000705c00000, 0x0000000705c00000| Untracked 
|   7|0x0000000705e00000, 0x0000000705e00000, 0x0000000706000000|  0%| F|  |TAMS 0x0000000705e00000, 0x0000000705e00000| Untracked 
|   8|0x0000000706000000, 0x0000000706000000, 0x0000000706200000|  0%| F|  |TAMS 0x0000000706000000, 0x0000000706000000| Untracked 
|   9|0x0000000706200000, 0x0000000706200000, 0x0000000706400000|  0%| F|  |TAMS 0x0000000706200000, 0x0000000706200000| Untracked 
|  10|0x0000000706400000, 0x0000000706400000, 0x0000000706600000|  0%| F|  |TAMS 0x0000000706400000, 0x0000000706400000| Untracked 
|  11|0x0000000706600000, 0x0000000706600000, 0x0000000706800000|  0%| F|  |TAMS 0x0000000706600000, 0x0000000706600000| Untracked 
|  12|0x0000000706800000, 0x0000000706800000, 0x0000000706a00000|  0%| F|  |TAMS 0x0000000706800000, 0x0000000706800000| Untracked 
|  13|0x0000000706a00000, 0x0000000706a00000, 0x0000000706c00000|  0%| F|  |TAMS 0x0000000706a00000, 0x0000000706a00000| Untracked 
|  14|0x0000000706c00000, 0x0000000706c00000, 0x0000000706e00000|  0%| F|  |TAMS 0x0000000706c00000, 0x0000000706c00000| Untracked 
|  15|0x0000000706e00000, 0x0000000706e00000, 0x0000000707000000|  0%| F|  |TAMS 0x0000000706e00000, 0x0000000706e00000| Untracked 
|  16|0x0000000707000000, 0x0000000707000000, 0x0000000707200000|  0%| F|  |TAMS 0x0000000707000000, 0x0000000707000000| Untracked 
|  17|0x0000000707200000, 0x0000000707200000, 0x0000000707400000|  0%| F|  |TAMS 0x0000000707200000, 0x0000000707200000| Untracked 
|  18|0x0000000707400000, 0x0000000707400000, 0x0000000707600000|  0%| F|  |TAMS 0x0000000707400000, 0x0000000707400000| Untracked 
|  19|0x0000000707600000, 0x0000000707600000, 0x0000000707800000|  0%| F|  |TAMS 0x0000000707600000, 0x0000000707600000| Untracked 
|  20|0x0000000707800000, 0x0000000707800000, 0x0000000707a00000|  0%| F|  |TAMS 0x0000000707800000, 0x0000000707800000| Untracked 
|  21|0x0000000707a00000, 0x0000000707a00000, 0x0000000707c00000|  0%| F|  |TAMS 0x0000000707a00000, 0x0000000707a00000| Untracked 
|  22|0x0000000707c00000, 0x0000000707c00000, 0x0000000707e00000|  0%| F|  |TAMS 0x0000000707c00000, 0x0000000707c00000| Untracked 
|  23|0x0000000707e00000, 0x0000000707e00000, 0x0000000708000000|  0%| F|  |TAMS 0x0000000707e00000, 0x0000000707e00000| Untracked 
|  24|0x0000000708000000, 0x0000000708000000, 0x0000000708200000|  0%| F|  |TAMS 0x0000000708000000, 0x0000000708000000| Untracked 
|  25|0x0000000708200000, 0x0000000708200000, 0x0000000708400000|  0%| F|  |TAMS 0x0000000708200000, 0x0000000708200000| Untracked 
|  26|0x0000000708400000, 0x0000000708400000, 0x0000000708600000|  0%| F|  |TAMS 0x0000000708400000, 0x0000000708400000| Untracked 
|  27|0x0000000708600000, 0x0000000708600000, 0x0000000708800000|  0%| F|  |TAMS 0x0000000708600000, 0x0000000708600000| Untracked 
|  28|0x0000000708800000, 0x0000000708800000, 0x0000000708a00000|  0%| F|  |TAMS 0x0000000708800000, 0x0000000708800000| Untracked 
|  29|0x0000000708a00000, 0x0000000708a00000, 0x0000000708c00000|  0%| F|  |TAMS 0x0000000708a00000, 0x0000000708a00000| Untracked 
|  30|0x0000000708c00000, 0x0000000708c00000, 0x0000000708e00000|  0%| F|  |TAMS 0x0000000708c00000, 0x0000000708c00000| Untracked 
|  31|0x0000000708e00000, 0x0000000708e00000, 0x0000000709000000|  0%| F|  |TAMS 0x0000000708e00000, 0x0000000708e00000| Untracked 
|  32|0x0000000709000000, 0x0000000709000000, 0x0000000709200000|  0%| F|  |TAMS 0x0000000709000000, 0x0000000709000000| Untracked 
|  33|0x0000000709200000, 0x0000000709200000, 0x0000000709400000|  0%| F|  |TAMS 0x0000000709200000, 0x0000000709200000| Untracked 
|  34|0x0000000709400000, 0x0000000709400000, 0x0000000709600000|  0%| F|  |TAMS 0x0000000709400000, 0x0000000709400000| Untracked 
|  35|0x0000000709600000, 0x0000000709600000, 0x0000000709800000|  0%| F|  |TAMS 0x0000000709600000, 0x0000000709600000| Untracked 
|  36|0x0000000709800000, 0x0000000709800000, 0x0000000709a00000|  0%| F|  |TAMS 0x0000000709800000, 0x0000000709800000| Untracked 
|  37|0x0000000709a00000, 0x0000000709a00000, 0x0000000709c00000|  0%| F|  |TAMS 0x0000000709a00000, 0x0000000709a00000| Untracked 
|  38|0x0000000709c00000, 0x0000000709c00000, 0x0000000709e00000|  0%| F|  |TAMS 0x0000000709c00000, 0x0000000709c00000| Untracked 
|  39|0x0000000709e00000, 0x0000000709e00000, 0x000000070a000000|  0%| F|  |TAMS 0x0000000709e00000, 0x0000000709e00000| Untracked 
|  40|0x000000070a000000, 0x000000070a000000, 0x000000070a200000|  0%| F|  |TAMS 0x000000070a000000, 0x000000070a000000| Untracked 
|  41|0x000000070a200000, 0x000000070a200000, 0x000000070a400000|  0%| F|  |TAMS 0x000000070a200000, 0x000000070a200000| Untracked 
|  42|0x000000070a400000, 0x000000070a400000, 0x000000070a600000|  0%| F|  |TAMS 0x000000070a400000, 0x000000070a400000| Untracked 
|  43|0x000000070a600000, 0x000000070a600000, 0x000000070a800000|  0%| F|  |TAMS 0x000000070a600000, 0x000000070a600000| Untracked 
|  44|0x000000070a800000, 0x000000070a800000, 0x000000070aa00000|  0%| F|  |TAMS 0x000000070a800000, 0x000000070a800000| Untracked 
|  45|0x000000070aa00000, 0x000000070aa00000, 0x000000070ac00000|  0%| F|  |TAMS 0x000000070aa00000, 0x000000070aa00000| Untracked 
|  46|0x000000070ac00000, 0x000000070ac00000, 0x000000070ae00000|  0%| F|  |TAMS 0x000000070ac00000, 0x000000070ac00000| Untracked 
|  47|0x000000070ae00000, 0x000000070ae00000, 0x000000070b000000|  0%| F|  |TAMS 0x000000070ae00000, 0x000000070ae00000| Untracked 
|  48|0x000000070b000000, 0x000000070b000000, 0x000000070b200000|  0%| F|  |TAMS 0x000000070b000000, 0x000000070b000000| Untracked 
|  49|0x000000070b200000, 0x000000070b200000, 0x000000070b400000|  0%| F|  |TAMS 0x000000070b200000, 0x000000070b200000| Untracked 
|  50|0x000000070b400000, 0x000000070b400000, 0x000000070b600000|  0%| F|  |TAMS 0x000000070b400000, 0x000000070b400000| Untracked 
|  51|0x000000070b600000, 0x000000070b600000, 0x000000070b800000|  0%| F|  |TAMS 0x000000070b600000, 0x000000070b600000| Untracked 
|  52|0x000000070b800000, 0x000000070b800000, 0x000000070ba00000|  0%| F|  |TAMS 0x000000070b800000, 0x000000070b800000| Untracked 
|  53|0x000000070ba00000, 0x000000070ba00000, 0x000000070bc00000|  0%| F|  |TAMS 0x000000070ba00000, 0x000000070ba00000| Untracked 
|  54|0x000000070bc00000, 0x000000070bc00000, 0x000000070be00000|  0%| F|  |TAMS 0x000000070bc00000, 0x000000070bc00000| Untracked 
|  55|0x000000070be00000, 0x000000070be00000, 0x000000070c000000|  0%| F|  |TAMS 0x000000070be00000, 0x000000070be00000| Untracked 
|  56|0x000000070c000000, 0x000000070c000000, 0x000000070c200000|  0%| F|  |TAMS 0x000000070c000000, 0x000000070c000000| Untracked 
|  57|0x000000070c200000, 0x000000070c200000, 0x000000070c400000|  0%| F|  |TAMS 0x000000070c200000, 0x000000070c200000| Untracked 
|  58|0x000000070c400000, 0x000000070c400000, 0x000000070c600000|  0%| F|  |TAMS 0x000000070c400000, 0x000000070c400000| Untracked 
|  59|0x000000070c600000, 0x000000070c600000, 0x000000070c800000|  0%| F|  |TAMS 0x000000070c600000, 0x000000070c600000| Untracked 
|  60|0x000000070c800000, 0x000000070c800000, 0x000000070ca00000|  0%| F|  |TAMS 0x000000070c800000, 0x000000070c800000| Untracked 
|  61|0x000000070ca00000, 0x000000070ca00000, 0x000000070cc00000|  0%| F|  |TAMS 0x000000070ca00000, 0x000000070ca00000| Untracked 
|  62|0x000000070cc00000, 0x000000070cc00000, 0x000000070ce00000|  0%| F|  |TAMS 0x000000070cc00000, 0x000000070cc00000| Untracked 
|  63|0x000000070ce00000, 0x000000070ce00000, 0x000000070d000000|  0%| F|  |TAMS 0x000000070ce00000, 0x000000070ce00000| Untracked 
|  64|0x000000070d000000, 0x000000070d000000, 0x000000070d200000|  0%| F|  |TAMS 0x000000070d000000, 0x000000070d000000| Untracked 
|  65|0x000000070d200000, 0x000000070d200000, 0x000000070d400000|  0%| F|  |TAMS 0x000000070d200000, 0x000000070d200000| Untracked 
|  66|0x000000070d400000, 0x000000070d400000, 0x000000070d600000|  0%| F|  |TAMS 0x000000070d400000, 0x000000070d400000| Untracked 
|  67|0x000000070d600000, 0x000000070d600000, 0x000000070d800000|  0%| F|  |TAMS 0x000000070d600000, 0x000000070d600000| Untracked 
|  68|0x000000070d800000, 0x000000070d800000, 0x000000070da00000|  0%| F|  |TAMS 0x000000070d800000, 0x000000070d800000| Untracked 
|  69|0x000000070da00000, 0x000000070da00000, 0x000000070dc00000|  0%| F|  |TAMS 0x000000070da00000, 0x000000070da00000| Untracked 
|  70|0x000000070dc00000, 0x000000070dc00000, 0x000000070de00000|  0%| F|  |TAMS 0x000000070dc00000, 0x000000070dc00000| Untracked 
|  71|0x000000070de00000, 0x000000070de00000, 0x000000070e000000|  0%| F|  |TAMS 0x000000070de00000, 0x000000070de00000| Untracked 
|  72|0x000000070e000000, 0x000000070e000000, 0x000000070e200000|  0%| F|  |TAMS 0x000000070e000000, 0x000000070e000000| Untracked 
|  73|0x000000070e200000, 0x000000070e200000, 0x000000070e400000|  0%| F|  |TAMS 0x000000070e200000, 0x000000070e200000| Untracked 
|  74|0x000000070e400000, 0x000000070e400000, 0x000000070e600000|  0%| F|  |TAMS 0x000000070e400000, 0x000000070e400000| Untracked 
|  75|0x000000070e600000, 0x000000070e600000, 0x000000070e800000|  0%| F|  |TAMS 0x000000070e600000, 0x000000070e600000| Untracked 
|  76|0x000000070e800000, 0x000000070e800000, 0x000000070ea00000|  0%| F|  |TAMS 0x000000070e800000, 0x000000070e800000| Untracked 
|  77|0x000000070ea00000, 0x000000070ea00000, 0x000000070ec00000|  0%| F|  |TAMS 0x000000070ea00000, 0x000000070ea00000| Untracked 
|  78|0x000000070ec00000, 0x000000070ec00000, 0x000000070ee00000|  0%| F|  |TAMS 0x000000070ec00000, 0x000000070ec00000| Untracked 
|  79|0x000000070ee00000, 0x000000070ee00000, 0x000000070f000000|  0%| F|  |TAMS 0x000000070ee00000, 0x000000070ee00000| Untracked 
|  80|0x000000070f000000, 0x000000070f000000, 0x000000070f200000|  0%| F|  |TAMS 0x000000070f000000, 0x000000070f000000| Untracked 
|  81|0x000000070f200000, 0x000000070f200000, 0x000000070f400000|  0%| F|  |TAMS 0x000000070f200000, 0x000000070f200000| Untracked 
|  82|0x000000070f400000, 0x000000070f400000, 0x000000070f600000|  0%| F|  |TAMS 0x000000070f400000, 0x000000070f400000| Untracked 
|  83|0x000000070f600000, 0x000000070f600000, 0x000000070f800000|  0%| F|  |TAMS 0x000000070f600000, 0x000000070f600000| Untracked 
|  84|0x000000070f800000, 0x000000070f800000, 0x000000070fa00000|  0%| F|  |TAMS 0x000000070f800000, 0x000000070f800000| Untracked 
|  85|0x000000070fa00000, 0x000000070fa00000, 0x000000070fc00000|  0%| F|  |TAMS 0x000000070fa00000, 0x000000070fa00000| Untracked 
|  86|0x000000070fc00000, 0x000000070fc00000, 0x000000070fe00000|  0%| F|  |TAMS 0x000000070fc00000, 0x000000070fc00000| Untracked 
|  87|0x000000070fe00000, 0x000000070fe00000, 0x0000000710000000|  0%| F|  |TAMS 0x000000070fe00000, 0x000000070fe00000| Untracked 
|  88|0x0000000710000000, 0x0000000710000000, 0x0000000710200000|  0%| F|  |TAMS 0x0000000710000000, 0x0000000710000000| Untracked 
|  89|0x0000000710200000, 0x0000000710200000, 0x0000000710400000|  0%| F|  |TAMS 0x0000000710200000, 0x0000000710200000| Untracked 
|  90|0x0000000710400000, 0x0000000710400000, 0x0000000710600000|  0%| F|  |TAMS 0x0000000710400000, 0x0000000710400000| Untracked 
|  91|0x0000000710600000, 0x0000000710600000, 0x0000000710800000|  0%| F|  |TAMS 0x0000000710600000, 0x0000000710600000| Untracked 
|  92|0x0000000710800000, 0x0000000710800000, 0x0000000710a00000|  0%| F|  |TAMS 0x0000000710800000, 0x0000000710800000| Untracked 
|  93|0x0000000710a00000, 0x0000000710a00000, 0x0000000710c00000|  0%| F|  |TAMS 0x0000000710a00000, 0x0000000710a00000| Untracked 
|  94|0x0000000710c00000, 0x0000000710c00000, 0x0000000710e00000|  0%| F|  |TAMS 0x0000000710c00000, 0x0000000710c00000| Untracked 
|  95|0x0000000710e00000, 0x0000000710e00000, 0x0000000711000000|  0%| F|  |TAMS 0x0000000710e00000, 0x0000000710e00000| Untracked 
|  96|0x0000000711000000, 0x0000000711000000, 0x0000000711200000|  0%| F|  |TAMS 0x0000000711000000, 0x0000000711000000| Untracked 
|  97|0x0000000711200000, 0x0000000711200000, 0x0000000711400000|  0%| F|  |TAMS 0x0000000711200000, 0x0000000711200000| Untracked 
|  98|0x0000000711400000, 0x0000000711400000, 0x0000000711600000|  0%| F|  |TAMS 0x0000000711400000, 0x0000000711400000| Untracked 
|  99|0x0000000711600000, 0x0000000711600000, 0x0000000711800000|  0%| F|  |TAMS 0x0000000711600000, 0x0000000711600000| Untracked 
| 100|0x0000000711800000, 0x0000000711800000, 0x0000000711a00000|  0%| F|  |TAMS 0x0000000711800000, 0x0000000711800000| Untracked 
| 101|0x0000000711a00000, 0x0000000711a00000, 0x0000000711c00000|  0%| F|  |TAMS 0x0000000711a00000, 0x0000000711a00000| Untracked 
| 102|0x0000000711c00000, 0x0000000711c00000, 0x0000000711e00000|  0%| F|  |TAMS 0x0000000711c00000, 0x0000000711c00000| Untracked 
| 103|0x0000000711e00000, 0x0000000711e00000, 0x0000000712000000|  0%| F|  |TAMS 0x0000000711e00000, 0x0000000711e00000| Untracked 
| 104|0x0000000712000000, 0x0000000712000000, 0x0000000712200000|  0%| F|  |TAMS 0x0000000712000000, 0x0000000712000000| Untracked 
| 105|0x0000000712200000, 0x0000000712200000, 0x0000000712400000|  0%| F|  |TAMS 0x0000000712200000, 0x0000000712200000| Untracked 
| 106|0x0000000712400000, 0x0000000712400000, 0x0000000712600000|  0%| F|  |TAMS 0x0000000712400000, 0x0000000712400000| Untracked 
| 107|0x0000000712600000, 0x0000000712600000, 0x0000000712800000|  0%| F|  |TAMS 0x0000000712600000, 0x0000000712600000| Untracked 
| 108|0x0000000712800000, 0x0000000712800000, 0x0000000712a00000|  0%| F|  |TAMS 0x0000000712800000, 0x0000000712800000| Untracked 
| 109|0x0000000712a00000, 0x0000000712a00000, 0x0000000712c00000|  0%| F|  |TAMS 0x0000000712a00000, 0x0000000712a00000| Untracked 
| 110|0x0000000712c00000, 0x0000000712c00000, 0x0000000712e00000|  0%| F|  |TAMS 0x0000000712c00000, 0x0000000712c00000| Untracked 
| 111|0x0000000712e00000, 0x0000000712e00000, 0x0000000713000000|  0%| F|  |TAMS 0x0000000712e00000, 0x0000000712e00000| Untracked 
| 112|0x0000000713000000, 0x0000000713000000, 0x0000000713200000|  0%| F|  |TAMS 0x0000000713000000, 0x0000000713000000| Untracked 
| 113|0x0000000713200000, 0x0000000713200000, 0x0000000713400000|  0%| F|  |TAMS 0x0000000713200000, 0x0000000713200000| Untracked 
| 114|0x0000000713400000, 0x0000000713400000, 0x0000000713600000|  0%| F|  |TAMS 0x0000000713400000, 0x0000000713400000| Untracked 
| 115|0x0000000713600000, 0x0000000713600000, 0x0000000713800000|  0%| F|  |TAMS 0x0000000713600000, 0x0000000713600000| Untracked 
| 116|0x0000000713800000, 0x0000000713800000, 0x0000000713a00000|  0%| F|  |TAMS 0x0000000713800000, 0x0000000713800000| Untracked 
| 117|0x0000000713a00000, 0x0000000713a00000, 0x0000000713c00000|  0%| F|  |TAMS 0x0000000713a00000, 0x0000000713a00000| Untracked 
| 118|0x0000000713c00000, 0x0000000713c00000, 0x0000000713e00000|  0%| F|  |TAMS 0x0000000713c00000, 0x0000000713c00000| Untracked 
| 119|0x0000000713e00000, 0x0000000713e00000, 0x0000000714000000|  0%| F|  |TAMS 0x0000000713e00000, 0x0000000713e00000| Untracked 
| 120|0x0000000714000000, 0x0000000714000000, 0x0000000714200000|  0%| F|  |TAMS 0x0000000714000000, 0x0000000714000000| Untracked 
| 121|0x0000000714200000, 0x0000000714200000, 0x0000000714400000|  0%| F|  |TAMS 0x0000000714200000, 0x0000000714200000| Untracked 
| 122|0x0000000714400000, 0x00000007144e1d38, 0x0000000714600000| 44%| E|  |TAMS 0x0000000714400000, 0x0000000714400000| Complete 
| 123|0x0000000714600000, 0x0000000714800000, 0x0000000714800000|100%| E|CS|TAMS 0x0000000714600000, 0x0000000714600000| Complete 
| 124|0x0000000714800000, 0x0000000714a00000, 0x0000000714a00000|100%| E|CS|TAMS 0x0000000714800000, 0x0000000714800000| Complete 
| 125|0x0000000714a00000, 0x0000000714c00000, 0x0000000714c00000|100%| E|CS|TAMS 0x0000000714a00000, 0x0000000714a00000| Complete 

Card table byte_map: [0x00000210b6ac0000,0x00000210b72a0000] _byte_map_base: 0x00000210b3298000

Marking Bits (Prev, Next): (CMBitMap*) 0x000002109eed84f0, (CMBitMap*) 0x000002109eed8530
 Prev Bits: [0x00000210b7a80000, 0x00000210bb940000)
 Next Bits: [0x00000210bb940000, 0x00000210bf800000)

Polling page: 0x000002109cd90000

Metaspace:

Usage:
  Non-class:      2.61 MB used.
      Class:    274.58 KB used.
       Both:      2.88 MB used.

Virtual space:
  Non-class space:       64.00 MB reserved,       2.69 MB (  4%) committed,  1 nodes.
      Class space:        1.00 GB reserved,     320.00 KB ( <1%) committed,  1 nodes.
             Both:        1.06 GB reserved,       3.00 MB ( <1%) committed. 

Chunk freelists:
   Non-Class:  11.70 MB
       Class:  15.70 MB
        Both:  27.41 MB

MaxMetaspaceSize: unlimited
CompressedClassSpaceSize: 1.00 GB
Initial GC threshold: 21.00 MB
Current GC threshold: 21.00 MB
CDS: on
MetaspaceReclaimPolicy: balanced
 - commit_granule_bytes: 65536.
 - commit_granule_words: 8192.
 - virtual_space_node_default_size: 8388608.
 - enlarge_chunks_in_place: 1.
 - new_chunks_are_fully_committed: 0.
 - uncommit_free_chunks: 1.
 - use_allocation_guard: 0.
 - handle_deallocations: 1.


Internal statistics:

num_allocs_failed_limit: 0.
num_arena_births: 8.
num_arena_deaths: 0.
num_vsnodes_births: 2.
num_vsnodes_deaths: 0.
num_space_committed: 48.
num_space_uncommitted: 0.
num_chunks_returned_to_freelist: 0.
num_chunks_taken_from_freelist: 31.
num_chunk_merges: 0.
num_chunk_splits: 20.
num_chunks_enlarged: 11.
num_inconsistent_stats: 0.

CodeHeap 'non-profiled nmethods': size=119168Kb used=155Kb max_used=155Kb free=119012Kb
 bounds [0x00000210ae4f0000, 0x00000210ae760000, 0x00000210b5950000]
CodeHeap 'profiled nmethods': size=119104Kb used=674Kb max_used=674Kb free=118429Kb
 bounds [0x00000210a6950000, 0x00000210a6bc0000, 0x00000210adda0000]
CodeHeap 'non-nmethods': size=7488Kb used=2895Kb max_used=2926Kb free=4592Kb
 bounds [0x00000210adda0000, 0x00000210ae080000, 0x00000210ae4f0000]
 total_blobs=901 nmethods=474 adapters=337
 compilation: enabled
              stopped_count=0, restarted_count=0
 full_count=0

Compilation events (20 events):
Event: 0.277 Thread 0x00000210c1bcdc70 nmethod 467 0x00000210ae514710 code [0x00000210ae5148a0, 0x00000210ae514978]
Event: 0.278 Thread 0x00000210c1bcc8d0  468       4       java.lang.StringLatin1::lastIndexOf (40 bytes)
Event: 0.278 Thread 0x00000210c1bd06f0  469       3       org.eclipse.jdt.launching.internal.org.objectweb.asm.SymbolTable::addConstantUtf8 (20 bytes)
Event: 0.278 Thread 0x00000210c1bd0c40  470       3       org.eclipse.jdt.launching.internal.org.objectweb.asm.ByteVector::putShort (52 bytes)
Event: 0.278 Thread 0x00000210c1bd06f0 nmethod 469 0x00000210a69f6190 code [0x00000210a69f6360, 0x00000210a69f6628]
Event: 0.278 Thread 0x00000210c1bd0c40 nmethod 470 0x00000210a69f6790 code [0x00000210a69f6940, 0x00000210a69f6b68]
Event: 0.280 Thread 0x00000210c1bcc8d0 nmethod 468 0x00000210ae515d10 code [0x00000210ae515e80, 0x00000210ae516018]
Event: 0.280 Thread 0x00000210c1bd01a0 nmethod 426 0x00000210ae514a10 code [0x00000210ae514bc0, 0x00000210ae515838]
Event: 0.280 Thread 0x00000210c1bcdc70  471       1       java.net.URL::getPath (5 bytes)
Event: 0.280 Thread 0x00000210c1bcdc70 nmethod 471 0x00000210ae516110 code [0x00000210ae5162a0, 0x00000210ae516378]
Event: 0.280 Thread 0x00000210c1bd0c40  472       1       java.net.URL::getAuthority (5 bytes)
Event: 0.280 Thread 0x00000210c1bcec60  473       1       java.net.URL::getQuery (5 bytes)
Event: 0.280 Thread 0x00000210c1bcec60 nmethod 473 0x00000210ae516410 code [0x00000210ae5165a0, 0x00000210ae516678]
Event: 0.280 Thread 0x00000210c1bd0c40 nmethod 472 0x00000210ae516710 code [0x00000210ae5168a0, 0x00000210ae516978]
Event: 0.281 Thread 0x00000210c1bd06f0  474       1       java.net.URL::getPort (5 bytes)
Event: 0.281 Thread 0x00000210c1bd06f0 nmethod 474 0x00000210ae516a10 code [0x00000210ae516ba0, 0x00000210ae516c78]
Event: 0.281 Thread 0x00000210c1bcdc70  475       3       java.lang.String::regionMatches (150 bytes)
Event: 0.282 Thread 0x00000210c1bcec60  476       3       java.lang.ClassLoader::checkName (37 bytes)
Event: 0.282 Thread 0x00000210c1bcdc70 nmethod 475 0x00000210a69f6d10 code [0x00000210a69f6f60, 0x00000210a69f77a8]
Event: 0.282 Thread 0x00000210c1bcec60 nmethod 476 0x00000210a69f7a90 code [0x00000210a69f7d00, 0x00000210a69f86f8]

GC Heap History (0 events):
No events

Dll operation events (11 events):
Event: 0.041 Loaded shared library C:\Program Files\Eclipse Adoptium\jdk-17.0.9.9-hotspot\bin\java.dll
Event: 0.060 Loaded shared library C:\Program Files\Eclipse Adoptium\jdk-17.0.9.9-hotspot\bin\jsvml.dll
Event: 0.138 Loaded shared library C:\Program Files\Eclipse Adoptium\jdk-17.0.9.9-hotspot\bin\zip.dll
Event: 0.140 Loaded shared library C:\Program Files\Eclipse Adoptium\jdk-17.0.9.9-hotspot\bin\instrument.dll
Event: 0.153 Loaded shared library C:\Program Files\Eclipse Adoptium\jdk-17.0.9.9-hotspot\bin\net.dll
Event: 0.163 Loaded shared library C:\Program Files\Eclipse Adoptium\jdk-17.0.9.9-hotspot\bin\nio.dll
Event: 0.167 Loaded shared library C:\Program Files\Eclipse Adoptium\jdk-17.0.9.9-hotspot\bin\zip.dll
Event: 0.206 Loaded shared library C:\Program Files\Eclipse Adoptium\jdk-17.0.9.9-hotspot\bin\jimage.dll
Event: 0.251 Loaded shared library C:\Program Files\Eclipse Adoptium\jdk-17.0.9.9-hotspot\bin\verify.dll
Event: 3.109 Loaded shared library D:\REPOSITORIOS\PRIVATE\dds\dds-opendds\OpenDDS_DCPS_Java.dll
Event: 3.174 Loaded shared library D:\REPOSITORIOS\PRIVATE\dds\dds-opendds\idl2jni_runtime.dll

Deoptimization events (20 events):
Event: 0.269 Thread 0x000002109ee6d710 DEOPT PACKING pc=0x00000210a69d177c sp=0x000000ada98fb560
Event: 0.269 Thread 0x000002109ee6d710 DEOPT UNPACKING pc=0x00000210addf7143 sp=0x000000ada98fa9c8 mode 0
Event: 0.269 Thread 0x000002109ee6d710 DEOPT PACKING pc=0x00000210a69d177c sp=0x000000ada98fb560
Event: 0.269 Thread 0x000002109ee6d710 DEOPT UNPACKING pc=0x00000210addf7143 sp=0x000000ada98fa9c8 mode 0
Event: 0.270 Thread 0x000002109ee6d710 DEOPT PACKING pc=0x00000210a69d177c sp=0x000000ada98fbb90
Event: 0.270 Thread 0x000002109ee6d710 DEOPT UNPACKING pc=0x00000210addf7143 sp=0x000000ada98faff8 mode 0
Event: 0.273 Thread 0x000002109ee6d710 DEOPT PACKING pc=0x00000210a69d1854 sp=0x000000ada98f7d20
Event: 0.273 Thread 0x000002109ee6d710 DEOPT UNPACKING pc=0x00000210addf7143 sp=0x000000ada98f7188 mode 0
Event: 0.274 Thread 0x000002109ee6d710 DEOPT PACKING pc=0x00000210a69d1854 sp=0x000000ada98f7d20
Event: 0.274 Thread 0x000002109ee6d710 DEOPT UNPACKING pc=0x00000210addf7143 sp=0x000000ada98f7188 mode 0
Event: 0.274 Thread 0x000002109ee6d710 DEOPT PACKING pc=0x00000210a69d1854 sp=0x000000ada98f7d20
Event: 0.274 Thread 0x000002109ee6d710 DEOPT UNPACKING pc=0x00000210addf7143 sp=0x000000ada98f7188 mode 0
Event: 0.274 Thread 0x000002109ee6d710 DEOPT PACKING pc=0x00000210a69d1854 sp=0x000000ada98f7d20
Event: 0.274 Thread 0x000002109ee6d710 DEOPT UNPACKING pc=0x00000210addf7143 sp=0x000000ada98f7188 mode 0
Event: 0.274 Thread 0x000002109ee6d710 DEOPT PACKING pc=0x00000210a69d177c sp=0x000000ada98f7c60
Event: 0.274 Thread 0x000002109ee6d710 DEOPT UNPACKING pc=0x00000210addf7143 sp=0x000000ada98f70c8 mode 0
Event: 0.277 Thread 0x000002109ee6d710 DEOPT PACKING pc=0x00000210a6976bea sp=0x000000ada98f7730
Event: 0.277 Thread 0x000002109ee6d710 DEOPT UNPACKING pc=0x00000210addf7143 sp=0x000000ada98f6b50 mode 0
Event: 0.278 Thread 0x000002109ee6d710 DEOPT PACKING pc=0x00000210a69a5b1f sp=0x000000ada98f5a50
Event: 0.278 Thread 0x000002109ee6d710 DEOPT UNPACKING pc=0x00000210addf7143 sp=0x000000ada98f4ee8 mode 0

Classes unloaded (0 events):
No events

Classes redefined (3 events):
Event: 0.234 Thread 0x00000210c1b9c060 redefined class name=java.io.FileOutputStream, count=1
Event: 0.236 Thread 0x00000210c1b9c060 redefined class name=java.nio.file.Files, count=1
Event: 0.238 Thread 0x00000210c1b9c060 redefined class name=java.io.File, count=1

Internal exceptions (0 events):
No events

VM Operations (20 events):
Event: 4.101 Executing VM operation: ChangeSingleStep
Event: 4.101 Executing VM operation: ChangeSingleStep done
Event: 4.102 Executing VM operation: ChangeSingleStep
Event: 4.102 Executing VM operation: ChangeSingleStep done
Event: 4.102 Executing VM operation: get/set locals
Event: 4.102 Executing VM operation: get/set locals done
Event: 4.103 Executing VM operation: ChangeSingleStep
Event: 4.103 Executing VM operation: ChangeSingleStep done
Event: 4.106 Executing VM operation: get/set locals
Event: 4.106 Executing VM operation: get/set locals done
Event: 5.038 Executing VM operation: ChangeSingleStep
Event: 5.038 Executing VM operation: ChangeSingleStep done
Event: 5.039 Executing VM operation: get/set locals
Event: 5.039 Executing VM operation: get/set locals done
Event: 5.042 Executing VM operation: ChangeSingleStep
Event: 5.042 Executing VM operation: ChangeSingleStep done
Event: 5.043 Executing VM operation: ChangeSingleStep
Event: 5.043 Executing VM operation: ChangeSingleStep done
Event: 5.045 Executing VM operation: ChangeSingleStep
Event: 5.045 Executing VM operation: ChangeSingleStep done

Events (20 events):
Event: 0.257 loading class jdk/internal/reflect/ClassFileAssembler
Event: 0.257 loading class jdk/internal/reflect/ClassFileAssembler done
Event: 0.257 loading class jdk/internal/reflect/UTF8
Event: 0.257 loading class jdk/internal/reflect/UTF8 done
Event: 0.257 loading class jdk/internal/reflect/Label
Event: 0.257 loading class jdk/internal/reflect/Label done
Event: 0.257 loading class jdk/internal/reflect/Label$PatchInfo
Event: 0.257 loading class jdk/internal/reflect/Label$PatchInfo done
Event: 0.258 loading class jdk/internal/reflect/MethodAccessorGenerator$1
Event: 0.258 loading class jdk/internal/reflect/MethodAccessorGenerator$1 done
Event: 0.258 loading class jdk/internal/reflect/ClassDefiner
Event: 0.258 loading class jdk/internal/reflect/ClassDefiner done
Event: 0.258 loading class jdk/internal/reflect/ClassDefiner$1
Event: 0.258 loading class jdk/internal/reflect/ClassDefiner$1 done
Event: 0.258 loading class jdk/internal/reflect/BootstrapConstructorAccessorImpl
Event: 0.258 loading class jdk/internal/reflect/BootstrapConstructorAccessorImpl done
Event: 0.275 loading class java/lang/IllegalStateException
Event: 0.275 loading class java/lang/IllegalStateException done
Event: 0.278 loading class java/lang/InterruptedException
Event: 0.278 loading class java/lang/InterruptedException done


Dynamic libraries:
0x00007ff7080c0000 - 0x00007ff7080ce000 	C:\Program Files\Eclipse Adoptium\jdk-17.0.9.9-hotspot\bin\javaw.exe
0x00007ffd1dd50000 - 0x00007ffd1df66000 	C:\Windows\SYSTEM32\ntdll.dll
0x00007ffd1da90000 - 0x00007ffd1db54000 	C:\Windows\System32\KERNEL32.DLL
0x00007ffd1d6e0000 - 0x00007ffd1da87000 	C:\Windows\System32\KERNELBASE.dll
0x00000000711b0000 - 0x00000000711eb000 	C:\Windows\System32\cyinjct.dll
0x00007ffd1d4d0000 - 0x00007ffd1d4dc000 	C:\Windows\System32\ntnativeapi.dll
0x00007ffd05d70000 - 0x00007ffd05d87000 	C:\Program Files\Eclipse Adoptium\jdk-17.0.9.9-hotspot\bin\jli.dll
0x000002109c920000 - 0x000002109cace000 	C:\Windows\System32\USER32.dll
0x00007ffd1b010000 - 0x00007ffd1b036000 	C:\Windows\System32\win32u.dll
0x00007ffd1d340000 - 0x00007ffd1d369000 	C:\Windows\System32\GDI32.dll
0x00007ffd1b490000 - 0x00007ffd1b5a9000 	C:\Windows\System32\gdi32full.dll
0x00007ffd1b380000 - 0x00007ffd1b41a000 	C:\Windows\System32\msvcp_win.dll
0x000002109cad0000 - 0x000002109cbe1000 	C:\Windows\System32\ucrtbase.dll
0x00007ffd03920000 - 0x00007ffd0393b000 	C:\Program Files\Eclipse Adoptium\jdk-17.0.9.9-hotspot\bin\VCRUNTIME140.dll
0x00007ffcfe900000 - 0x00007ffcfeb93000 	C:\Windows\WinSxS\amd64_microsoft.windows.common-controls_6595b64144ccf1df_6.0.22621.3235_none_270f74e173860f98\COMCTL32.dll
0x00007ffd1c6a0000 - 0x00007ffd1c747000 	C:\Windows\System32\msvcrt.dll
0x00007ffd1d4b0000 - 0x00007ffd1d4ce000 	C:\Windows\System32\cyvera.dll
0x00007ffcf36c0000 - 0x00007ffcf372e000 	C:\Windows\System32\cyvrtrap.dll
0x00007ffd1bbf0000 - 0x00007ffd1bc21000 	C:\Windows\System32\IMM32.DLL
0x00007ffd188d0000 - 0x00007ffd188dc000 	C:\Program Files\Eclipse Adoptium\jdk-17.0.9.9-hotspot\bin\vcruntime140_1.dll
0x00007ffcf10c0000 - 0x00007ffcf114d000 	C:\Program Files\Eclipse Adoptium\jdk-17.0.9.9-hotspot\bin\msvcp140.dll
0x00007ffcc0730000 - 0x00007ffcc1391000 	C:\Program Files\Eclipse Adoptium\jdk-17.0.9.9-hotspot\bin\server\jvm.dll
0x00007ffd1d3d0000 - 0x00007ffd1d482000 	C:\Windows\System32\ADVAPI32.dll
0x00007ffd1bc90000 - 0x00007ffd1bd38000 	C:\Windows\System32\sechost.dll
0x00007ffd1b160000 - 0x00007ffd1b188000 	C:\Windows\System32\bcrypt.dll
0x00007ffd1d5c0000 - 0x00007ffd1d6d5000 	C:\Windows\System32\RPCRT4.dll
0x00007ffd19db0000 - 0x00007ffd19dfd000 	C:\Windows\SYSTEM32\POWRPROF.dll
0x00007ffcefcd0000 - 0x00007ffcefcd9000 	C:\Windows\SYSTEM32\WSOCK32.dll
0x00007ffd1b7b0000 - 0x00007ffd1b821000 	C:\Windows\System32\WS2_32.dll
0x00007ffd18420000 - 0x00007ffd18454000 	C:\Windows\SYSTEM32\WINMM.dll
0x00007ffd0c170000 - 0x00007ffd0c17a000 	C:\Windows\SYSTEM32\VERSION.dll
0x00007ffd19d90000 - 0x00007ffd19da3000 	C:\Windows\SYSTEM32\UMPDC.dll
0x00007ffd1a040000 - 0x00007ffd1a058000 	C:\Windows\SYSTEM32\kernel.appcore.dll
0x00007ffd18600000 - 0x00007ffd1860a000 	C:\Program Files\Eclipse Adoptium\jdk-17.0.9.9-hotspot\bin\jimage.dll
0x00007ffd18160000 - 0x00007ffd18393000 	C:\Windows\SYSTEM32\DBGHELP.DLL
0x00007ffd1c750000 - 0x00007ffd1cad8000 	C:\Windows\System32\combase.dll
0x00007ffd1b5b0000 - 0x00007ffd1b687000 	C:\Windows\System32\OLEAUT32.dll
0x00007ffd183e0000 - 0x00007ffd18412000 	C:\Windows\SYSTEM32\dbgcore.DLL
0x00007ffd1b190000 - 0x00007ffd1b209000 	C:\Windows\System32\bcryptPrimitives.dll
0x00007ffd02f70000 - 0x00007ffd02fab000 	C:\Program Files\Eclipse Adoptium\jdk-17.0.9.9-hotspot\bin\jdwp.dll
0x00007ffd13380000 - 0x00007ffd1338e000 	C:\Program Files\Eclipse Adoptium\jdk-17.0.9.9-hotspot\bin\instrument.dll
0x00007ffd03510000 - 0x00007ffd03535000 	C:\Program Files\Eclipse Adoptium\jdk-17.0.9.9-hotspot\bin\java.dll
0x00007ffd06d80000 - 0x00007ffd06db7000 	C:\Program Files\Palo Alto Networks\Traps\cyjagent.dll
0x00007ffcd9630000 - 0x00007ffcd9707000 	C:\Program Files\Eclipse Adoptium\jdk-17.0.9.9-hotspot\bin\jsvml.dll
0x00007ffd1cae0000 - 0x00007ffd1d33c000 	C:\Windows\System32\SHELL32.dll
0x00007ffd18c90000 - 0x00007ffd19589000 	C:\Windows\SYSTEM32\windows.storage.dll
0x00007ffd18b50000 - 0x00007ffd18c8e000 	C:\Windows\SYSTEM32\wintypes.dll
0x00007ffd1c360000 - 0x00007ffd1c453000 	C:\Windows\System32\SHCORE.dll
0x00007ffd1bc30000 - 0x00007ffd1bc8e000 	C:\Windows\System32\shlwapi.dll
0x00007ffd1ae80000 - 0x00007ffd1aea1000 	C:\Windows\SYSTEM32\profapi.dll
0x00007ffd0fbd0000 - 0x00007ffd0fbdc000 	C:\Program Files\Eclipse Adoptium\jdk-17.0.9.9-hotspot\bin\dt_socket.dll
0x00007ffd197e0000 - 0x00007ffd1980d000 	C:\Windows\SYSTEM32\IPHLPAPI.DLL
0x00007ffd1a4a0000 - 0x00007ffd1a509000 	C:\Windows\system32\mswsock.dll
0x00007ffd19810000 - 0x00007ffd19909000 	C:\Windows\SYSTEM32\DNSAPI.dll
0x00007ffd1bd40000 - 0x00007ffd1bd49000 	C:\Windows\System32\NSI.dll
0x00007ffd10260000 - 0x00007ffd1026a000 	C:\Windows\System32\rasadhlp.dll
0x00007ffd10130000 - 0x00007ffd101b3000 	C:\Windows\System32\fwpuclnt.dll
0x00007ffd02de0000 - 0x00007ffd02df8000 	C:\Program Files\Eclipse Adoptium\jdk-17.0.9.9-hotspot\bin\zip.dll
0x00007ffcffbc0000 - 0x00007ffcffbd9000 	C:\Program Files\Eclipse Adoptium\jdk-17.0.9.9-hotspot\bin\net.dll
0x00007ffd10660000 - 0x00007ffd10796000 	C:\Windows\SYSTEM32\WINHTTP.dll
0x00007ffcffba0000 - 0x00007ffcffbb6000 	C:\Program Files\Eclipse Adoptium\jdk-17.0.9.9-hotspot\bin\nio.dll
0x00007ffd05d60000 - 0x00007ffd05d70000 	C:\Program Files\Eclipse Adoptium\jdk-17.0.9.9-hotspot\bin\verify.dll
0x00007ffcd6960000 - 0x00007ffcd6ab4000 	D:\REPOSITORIOS\PRIVATE\dds\dds-opendds\OpenDDS_DCPS_Java.dll
0x00007ffcd6350000 - 0x00007ffcd64b6000 	D:\REPOSITORIOS\PRIVATE\dds\dds-opendds\ACE.dll
0x00007ffcd0b60000 - 0x00007ffcd0c94000 	D:\REPOSITORIOS\PRIVATE\dds\dds-opendds\TAO.dll
0x00007ffcffa30000 - 0x00007ffcffa45000 	D:\REPOSITORIOS\PRIVATE\dds\dds-opendds\idl2jni_runtime.dll
0x00007ffcff2d0000 - 0x00007ffcff2ea000 	D:\REPOSITORIOS\PRIVATE\dds\dds-opendds\TAO_Valuetype.dll
0x00007ffcbf660000 - 0x00007ffcbfcf6000 	D:\REPOSITORIOS\PRIVATE\dds\dds-opendds\OpenDDS_Dcps.dll
0x00007ffcff290000 - 0x00007ffcff2cf000 	D:\REPOSITORIOS\PRIVATE\dds\dds-opendds\OpenDDS_Multicast.dll
0x00007ffcff1e0000 - 0x00007ffcff21d000 	D:\REPOSITORIOS\PRIVATE\dds\dds-opendds\OpenDDS_Tcp.dll
0x00007ffcfe820000 - 0x00007ffcfe84a000 	D:\REPOSITORIOS\PRIVATE\dds\dds-opendds\OpenDDS_Udp.dll
0x00007ffce3ee0000 - 0x00007ffce3f6b000 	D:\REPOSITORIOS\PRIVATE\dds\dds-opendds\OpenDDS_Rtps_Udp.dll
0x00007ffcf9ee0000 - 0x00007ffcf9ef9000 	C:\Windows\SYSTEM32\NETAPI32.dll
0x00007ffcf22b0000 - 0x00007ffcf232b000 	D:\REPOSITORIOS\PRIVATE\dds\dds-opendds\TAO_AnyTypeCode.dll
0x00007ffccf3b0000 - 0x00007ffccf559000 	D:\REPOSITORIOS\PRIVATE\dds\dds-opendds\OpenDDS_Rtps.dll
0x00007ffcdacd0000 - 0x00007ffcdacdc000 	C:\Windows\SYSTEM32\netbios.dll
0x00007ffd04d70000 - 0x00007ffd04d87000 	C:\Windows\system32\napinsp.dll
0x00007ffd04ee0000 - 0x00007ffd04efb000 	C:\Windows\system32\pnrpnsp.dll
0x00007ffd04f40000 - 0x00007ffd04f51000 	C:\Windows\System32\winrnr.dll
0x00007ffd05c20000 - 0x00007ffd05c35000 	C:\Windows\system32\wshbth.dll
0x00007ffd04f60000 - 0x00007ffd04f81000 	C:\Windows\system32\nlansp_c.dll

dbghelp: loaded successfully - version: 4.0.5 - missing functions: none
symbol engine: initialized successfully - sym options: 0x614 - pdb path: .;C:\Program Files\Eclipse Adoptium\jdk-17.0.9.9-hotspot\bin;C:\Windows\SYSTEM32;C:\Windows\WinSxS\amd64_microsoft.windows.common-controls_6595b64144ccf1df_6.0.22621.3235_none_270f74e173860f98;C:\Program Files\Eclipse Adoptium\jdk-17.0.9.9-hotspot\bin\server;C:\Program Files\Palo Alto Networks\Traps;D:\REPOSITORIOS\PRIVATE\dds\dds-opendds

VM Arguments:
jvm_args: -XX:+ShowCodeDetailsInExceptionMessages -agentlib:jdwp=transport=dt_socket,suspend=y,address=localhost:55213 -javaagent:D:\PROGRAMAS\Eclipse\jee-2023-09\eclipse\configuration\org.eclipse.osgi\435\0\.cp\lib\javaagent-shaded.jar -Dfile.encoding=UTF-8 -Dstdout.encoding=UTF-8 -Dstderr.encoding=UTF-8 -agentpath:C:\Program Files\Palo Alto Networks\Traps\cyjagent.dll 
java_command: com.example.Pub
java_class_path (initial): D:\REPOSITORIOS\PRIVATE\dds\dds-opendds\target\classes;C:\Users\ecuray\.m2\repository\org\opendds\i2jrt\3.28.1\i2jrt-3.28.1.jar;C:\Users\ecuray\.m2\repository\org\opendds\i2jrt_corba\3.28.1\i2jrt_corba-3.28.1.jar;C:\Users\ecuray\.m2\repository\org\opendds\OpenDDS_DCPS\3.28.1\OpenDDS_DCPS-3.28.1.jar;C:\Users\ecuray\.m2\repository\org\opendds\tao_java\3.28.1\tao_java-3.28.1.jar
Launcher Type: SUN_STANDARD

[Global flags]
     intx CICompilerCount                          = 12                                        {product} {ergonomic}
     uint ConcGCThreads                            = 3                                         {product} {ergonomic}
     uint G1ConcRefinementThreads                  = 13                                        {product} {ergonomic}
   size_t G1HeapRegionSize                         = 2097152                                   {product} {ergonomic}
    uintx GCDrainStackTargetSize                   = 64                                        {product} {ergonomic}
   size_t InitialHeapSize                          = 264241152                                 {product} {ergonomic}
   size_t MarkStackSize                            = 4194304                                   {product} {ergonomic}
   size_t MaxHeapSize                              = 4211081216                                {product} {ergonomic}
   size_t MaxNewSize                               = 2524971008                                {product} {ergonomic}
   size_t MinHeapDeltaBytes                        = 2097152                                   {product} {ergonomic}
   size_t MinHeapSize                              = 8388608                                   {product} {ergonomic}
    uintx NonNMethodCodeHeapSize                   = 7602480                                {pd product} {ergonomic}
    uintx NonProfiledCodeHeapSize                  = 122027880                              {pd product} {ergonomic}
    uintx ProfiledCodeHeapSize                     = 122027880                              {pd product} {ergonomic}
    uintx ReservedCodeCacheSize                    = 251658240                              {pd product} {ergonomic}
     bool SegmentedCodeCache                       = true                                      {product} {ergonomic}
     bool ShowCodeDetailsInExceptionMessages       = true                                   {manageable} {command line}
   size_t SoftMaxHeapSize                          = 4211081216                             {manageable} {ergonomic}
     bool UseCompressedClassPointers               = true                           {product lp64_product} {ergonomic}
     bool UseCompressedOops                        = true                           {product lp64_product} {ergonomic}
     bool UseG1GC                                  = true                                      {product} {ergonomic}
     bool UseLargePagesIndividualAllocation        = false                                  {pd product} {ergonomic}

Logging:
Log output configuration:
 #0: stdout all=warning uptime,level,tags
 #1: stderr all=off uptime,level,tags

Environment Variables:
JAVA_HOME=C:\Program Files\Eclipse Adoptium\jdk-17.0.9.9-hotspot
PATH=C:/Users/ecuray/.p2/pool/plugins/org.eclipse.justj.openjdk.hotspot.jre.full.win32.x86_64_17.0.8.v20230831-1047/jre/bin/server;C:/Users/ecuray/.p2/pool/plugins/org.eclipse.justj.openjdk.hotspot.jre.full.win32.x86_64_17.0.8.v20230831-1047/jre/bin;C:\Program Files\Eclipse Adoptium\jdk-17.0.9.9-hotspot\bin;C:\app\ecuray\product\21c\dbhomeXE\bin;C:\Windows\system32;C:\Windows;C:\Windows\System32\Wbem;C:\Windows\System32\WindowsPowerShell\v1.0\;C:\Windows\System32\OpenSSH\;C:\Program Files (x86)\Microsoft Dynamics AX\60\Client\Bin\;C:\Program Files (x86)\Microsoft SQL Server\160\Tools\Binn\;C:\Program Files\Microsoft SQL Server\160\Tools\Binn\;C:\Program Files\Microsoft SQL Server\Client SDK\ODBC\170\Tools\Binn\;C:\Program Files\Microsoft SQL Server\160\DTS\Binn\;D:\PROGRAMAS\Maven\apache-maven-3.8.8\bin;%ORACLE_HOME%\bin;C:\Program Files (x86)\Microsoft SQL Server\160\DTS\Binn\;C:\Program Files\Azure Data Studio\bin;D:\PROGRAMAS\Git\cmd;C:\Program Files\dotnet\;C:\Strawberry\c\bin;C:\Strawberry\perl\site\bin;C:\Strawberry\perl\bin;c:\Program Files\Microsoft Visual Studio\2022\Community\MSBuild\Current\Bin\amd64;C:\Program Files (x86)\GnuWin32\bin;C:\Users\ecuray\Downloads\apache-ant-1.9.16-bin\apache-ant-1.9.16\bin;D:\Windows Kits\10\Windows Performance Toolkit\;C:\Users\ecuray\AppData\Local\Microsoft\WindowsApps;C:\Program Files\Azure Data Studio\bin;C:\Users\ecuray\AppData\Local\gitkraken\bin;C:\Program Files\Eclipse Adoptium\jdk-17.0.9.9-hotspot\bin;C:\Users\ecuray\.dotnet\tools;C:\Windows\System32;
USERNAME=ecuray
LANG=en_US.UTF-8
OS=Windows_NT
PROCESSOR_IDENTIFIER=Intel64 Family 6 Model 186 Stepping 2, GenuineIntel
TMP=C:\Users\ecuray\AppData\Local\Temp
TEMP=C:\Users\ecuray\AppData\Local\Temp



Periodic native trim disabled


---------------  S Y S T E M  ---------------

OS:
 Windows 11 , 64 bit Build 22621 (10.0.22621.3374)
OS uptime: 24 days 4:24 hours
Hyper-V role detected

CPU: total 16 (initial active 16) (8 cores per cpu, 2 threads per core) family 6 model 186 stepping 2 microcode 0x4e0e, cx8, cmov, fxsr, ht, mmx, 3dnowpref, sse, sse2, sse3, ssse3, sse4.1, sse4.2, popcnt, lzcnt, tsc, tscinvbit, avx, avx2, aes, erms, clmul, bmi1, bmi2, adx, sha, fma, vzeroupper, clflush, clflushopt, clwb, hv
Processor Information for processor 0
  Max Mhz: 2200, Current Mhz: 1711, Mhz Limit: 1694
Processor Information for processor 1
  Max Mhz: 2200, Current Mhz: 1711, Mhz Limit: 1694
Processor Information for processor 2
  Max Mhz: 2200, Current Mhz: 1711, Mhz Limit: 1694
Processor Information for processor 3
  Max Mhz: 2200, Current Mhz: 1466, Mhz Limit: 1694
Processor Information for processor 4
  Max Mhz: 2200, Current Mhz: 1711, Mhz Limit: 1694
Processor Information for processor 5
  Max Mhz: 2200, Current Mhz: 1466, Mhz Limit: 1694
Processor Information for processor 6
  Max Mhz: 2200, Current Mhz: 1711, Mhz Limit: 1694
Processor Information for processor 7
  Max Mhz: 2200, Current Mhz: 1466, Mhz Limit: 1694
Processor Information for processor 8
  Max Mhz: 2200, Current Mhz: 1200, Mhz Limit: 1188
Processor Information for processor 9
  Max Mhz: 2200, Current Mhz: 1200, Mhz Limit: 1188
Processor Information for processor 10
  Max Mhz: 2200, Current Mhz: 1200, Mhz Limit: 1188
Processor Information for processor 11
  Max Mhz: 2200, Current Mhz: 1200, Mhz Limit: 1188
Processor Information for processor 12
  Max Mhz: 2200, Current Mhz: 1200, Mhz Limit: 1188
Processor Information for processor 13
  Max Mhz: 2200, Current Mhz: 1200, Mhz Limit: 1188
Processor Information for processor 14
  Max Mhz: 2200, Current Mhz: 1200, Mhz Limit: 1188
Processor Information for processor 15
  Max Mhz: 2200, Current Mhz: 1200, Mhz Limit: 1188

Memory: 4k page, system-wide physical 16056M (3519M free)
TotalPageFile size 32113M (AvailPageFile size 9617M)
current process WorkingSet (physical memory assigned to process): 58M, peak: 58M
current process commit charge ("private bytes"): 362M, peak: 362M

vm_info: OpenJDK 64-Bit Server VM (17.0.9+9) for windows-amd64 JRE (17.0.9+9), built on Oct 26 2023 14:01:42 by "admin" with MS VC++ 16.10 / 16.11 (VS2019)

END.
