========================================================================================
Report      : INFO
Date        : 2024-05-22T17:33:56+0200
Description : ---------------------------------------------------------------
              -- The service is using the following configuration settings --
              ---------------------------------------------------------------
              Domain (id)          : MyTopicPartition (0)
              Storage              : 0 Kbytes
              Storage threshold    : 1024 Kbytes
              Storage address      : Not available
              Locking              : default
              Memory mode          : Heap memory
              Builtin topics       : true
              Priority inheritance : false
              SystemId             : 764587590 from [1,2147483647]
Node        : UHS1382
Process     : javaw.exe <5296>
Thread      : spliced 24408
Internals   : 6.9.210323OSS///The OpenSplice domain service/u_domain.c/785/0/1716392036.743982700/0
========================================================================================
Report      : INFO
Date        : 2024-05-22T17:33:56+0200
Description : ++++++++++++++++++++++++++++++++++++++++++++++++
              ++ The service 'splicedaemon' is now operational. 
              ++++++++++++++++++++++++++++++++++++++++++++++++
Node        : UHS1382
Process     : javaw.exe <5296>
Thread      : spliced 24408
Internals   : 6.9.210323OSS///v_serviceChangeState/v_service.c/266/0/1716392036.745132300/0
========================================================================================
Report      : INFO
Date        : 2024-05-22T17:33:56+0200
Description : ++++++++++++++++++++++++++++++++++++++++++++++++
              ++ The service 'ddsi2' is now operational. 
              ++++++++++++++++++++++++++++++++++++++++++++++++
Node        : UHS1382
Process     : javaw.exe <5296>
Thread      : ddsi2 21452
Internals   : 6.9.210323OSS///v_serviceChangeState/v_service.c/266/0/1716392036.789885800/0
========================================================================================
Report      : INFO
Date        : 2024-05-22T17:34:04+0200
Description : ---------------------------------------------------------------
              -- The service is using the following configuration settings --
              ---------------------------------------------------------------
              Domain (id)          : MyTopicPartition (0)
              Storage              : 0 Kbytes
              Storage threshold    : 1024 Kbytes
              Storage address      : Not available
              Locking              : default
              Memory mode          : Heap memory
              Builtin topics       : true
              Priority inheritance : false
              SystemId             : 457789555 from [1,2147483647]
Node        : UHS1382
Process     : javaw.exe <27484>
Thread      : spliced 27376
Internals   : 6.9.210323OSS///The OpenSplice domain service/u_domain.c/785/0/1716392044.644152900/0
========================================================================================
Report      : INFO
Date        : 2024-05-22T17:34:04+0200
Description : ++++++++++++++++++++++++++++++++++++++++++++++++
              ++ The service 'splicedaemon' is now operational. 
              ++++++++++++++++++++++++++++++++++++++++++++++++
Node        : UHS1382
Process     : javaw.exe <27484>
Thread      : spliced 27376
Internals   : 6.9.210323OSS///v_serviceChangeState/v_service.c/266/0/1716392044.645171900/0
========================================================================================
Report      : INFO
Date        : 2024-05-22T17:34:04+0200
Description : ++++++++++++++++++++++++++++++++++++++++++++++++
              ++ The service 'ddsi2' is now operational. 
              ++++++++++++++++++++++++++++++++++++++++++++++++
Node        : UHS1382
Process     : javaw.exe <27484>
Thread      : ddsi2 21388
Internals   : 6.9.210323OSS///v_serviceChangeState/v_service.c/266/0/1716392044.688203500/0
