========================================================================================
Report      : ERROR
Date        : 2024-05-10T09:12:40+0200
Description : Failed to open meta configuration file "ospl_metaconfig.xml".
              The file was not found in the current directory nor
              could the file be found at the default location because
              the environment variable OSPL_HOME was not set
Node        : UHS1382
Process     : javaw.exe <8028>
Thread      : spliced 35624
Internals   : 6.9.210323OSS///configuration validator/cfg_validator.c/935/0/1715325160.186422100/0
========================================================================================
Report      : ERROR
Date        : 2024-05-10T09:12:45+0200
Description : Failed to open meta configuration file "ospl_metaconfig.xml".
              The file was not found in the current directory nor
              could the file be found at the default location because
              the environment variable OSPL_HOME was not set
Node        : UHS1382
Process     : javaw.exe <11344>
Thread      : spliced 34132
Internals   : 6.9.210323OSS///configuration validator/cfg_validator.c/935/0/1715325165.495402800/0
